2017-02-25 12:05:03,305 [9] INFO  WorkServer.Program - The server make to start it.
2017-02-25 12:05:14,709 [10] DEBUG WorkServer.Program - GET / HTTP/1.1
Host: localhost
Connection: keep-alive
Upgrade-Insecure-Requests: 1
User-Agent: Mozilla/5.0 (Windows NT 10.0; Win64; x64) AppleWebKit/537.36 (KHTML, like Gecko) Chrome/56.0.2924.87 Safari/537.36
Accept: text/html,application/xhtml+xml,application/xml;q=0.9,image/webp,*/*;q=0.8
Accept-Encoding: gzip, deflate, sdch, br
Accept-Language: ko-KR,ko;q=0.8,en-US;q=0.6,en;q=0.4


2017-02-25 12:05:14,750 [10] DEBUG WorkServer.WebServer - HTTP/1.1 200 OK
Content-Type: text/html
Keep-Alive: timeout=15, max=93
Connection: Keep-Alive


2017-02-25 12:05:14,752 [10] DEBUG WorkServer.WebServer - <!DOCTYPE>
<html>
	<head></head>
	<body>
		hello world
	</body>
</html>
2017-02-25 12:05:14,913 [10] DEBUG WorkServer.Program - GET /favicon.ico HTTP/1.1
Host: localhost
Connection: keep-alive
User-Agent: Mozilla/5.0 (Windows NT 10.0; Win64; x64) AppleWebKit/537.36 (KHTML, like Gecko) Chrome/56.0.2924.87 Safari/537.36
Accept: image/webp,image/*,*/*;q=0.8
Referer: http://localhost/
Accept-Encoding: gzip, deflate, sdch, br
Accept-Language: ko-KR,ko;q=0.8,en-US;q=0.6,en;q=0.4


2017-02-25 12:05:14,972 [10] DEBUG WorkServer.WebServer - HTTP/1.1 404 NG
Content-Type: text/html
Keep-Alive: timeout=15, max=93
Connection: Keep-Alive


2017-02-25 12:05:32,193 [10] DEBUG WorkServer.Program - GET / HTTP/1.1
Host: localhost
Connection: keep-alive
Cache-Control: max-age=0
Upgrade-Insecure-Requests: 1
User-Agent: Mozilla/5.0 (Windows NT 10.0; Win64; x64) AppleWebKit/537.36 (KHTML, like Gecko) Chrome/56.0.2924.87 Safari/537.36
Accept: text/html,application/xhtml+xml,application/xml;q=0.9,image/webp,*/*;q=0.8
Accept-Encoding: gzip, deflate, sdch, br
Accept-Language: ko-KR,ko;q=0.8,en-US;q=0.6,en;q=0.4


2017-02-25 12:05:32,200 [10] DEBUG WorkServer.WebServer - HTTP/1.1 200 OK
Content-Type: text/html
Keep-Alive: timeout=15, max=93
Connection: Keep-Alive


2017-02-25 12:05:32,200 [10] DEBUG WorkServer.WebServer - <!DOCTYPE>
<html>
	<head></head>
	<body>
		hello world
	</body>
</html>
2017-02-25 12:05:33,332 [10] ERROR WorkServer.Program - System.IO.IOException: 전송 연결 연결된 구성원으로부터 응답이 없어 연결하지 못했거나, 호스트로부터 응답이 없어 연결이 끊어졌습니다에서 데이터를 읽을 수 없습니다. ---> System.Net.Sockets.SocketException: 연결된 구성원으로부터 응답이 없어 연결하지 못했거나, 호스트로부터 응답이 없어 연결이 끊어졌습니다
   위치: System.Net.Sockets.Socket.Receive(Byte[] buffer, Int32 offset, Int32 size, SocketFlags socketFlags)
   위치: System.Net.Sockets.NetworkStream.Read(Byte[] buffer, Int32 offset, Int32 size)
   --- 내부 예외 스택 추적의 끝 ---
   위치: System.Net.Sockets.NetworkStream.Read(Byte[] buffer, Int32 offset, Int32 size)
   위치: WorkServer.String2.ReadStream(Stream stream, Encoding encode, String2 endFlag, Int32 buffersize) 파일 e:\Documents\nowonbunstore\source\C#\WorkServer\WorkServer\String2.cs:줄 482
   위치: WorkServer.String2.ReadStream(Stream stream, Encoding encode, String2 endFlag) 파일 e:\Documents\nowonbunstore\source\C#\WorkServer\WorkServer\String2.cs:줄 475
   위치: WorkServer.Client.Receive() 파일 e:\Documents\nowonbunstore\source\C#\WorkServer\WorkServer\Client.cs:줄 33
   위치: WorkServer.Program.<SocketServer>b__0(Client client) 파일 e:\Documents\nowonbunstore\source\C#\WorkServer\WorkServer\Program.cs:줄 45
2017-02-25 12:05:33,938 [10] ERROR WorkServer.Program - System.IO.IOException: 전송 연결 연결된 구성원으로부터 응답이 없어 연결하지 못했거나, 호스트로부터 응답이 없어 연결이 끊어졌습니다에서 데이터를 읽을 수 없습니다. ---> System.Net.Sockets.SocketException: 연결된 구성원으로부터 응답이 없어 연결하지 못했거나, 호스트로부터 응답이 없어 연결이 끊어졌습니다
   위치: System.Net.Sockets.Socket.Receive(Byte[] buffer, Int32 offset, Int32 size, SocketFlags socketFlags)
   위치: System.Net.Sockets.NetworkStream.Read(Byte[] buffer, Int32 offset, Int32 size)
   --- 내부 예외 스택 추적의 끝 ---
   위치: System.Net.Sockets.NetworkStream.Read(Byte[] buffer, Int32 offset, Int32 size)
   위치: WorkServer.String2.ReadStream(Stream stream, Encoding encode, String2 endFlag, Int32 buffersize) 파일 e:\Documents\nowonbunstore\source\C#\WorkServer\WorkServer\String2.cs:줄 482
   위치: WorkServer.String2.ReadStream(Stream stream, Encoding encode, String2 endFlag) 파일 e:\Documents\nowonbunstore\source\C#\WorkServer\WorkServer\String2.cs:줄 475
   위치: WorkServer.Client.Receive() 파일 e:\Documents\nowonbunstore\source\C#\WorkServer\WorkServer\Client.cs:줄 33
   위치: WorkServer.Program.<SocketServer>b__0(Client client) 파일 e:\Documents\nowonbunstore\source\C#\WorkServer\WorkServer\Program.cs:줄 45
2017-02-25 12:05:34,470 [10] ERROR WorkServer.Program - System.IO.IOException: 전송 연결 연결된 구성원으로부터 응답이 없어 연결하지 못했거나, 호스트로부터 응답이 없어 연결이 끊어졌습니다에서 데이터를 읽을 수 없습니다. ---> System.Net.Sockets.SocketException: 연결된 구성원으로부터 응답이 없어 연결하지 못했거나, 호스트로부터 응답이 없어 연결이 끊어졌습니다
   위치: System.Net.Sockets.Socket.Receive(Byte[] buffer, Int32 offset, Int32 size, SocketFlags socketFlags)
   위치: System.Net.Sockets.NetworkStream.Read(Byte[] buffer, Int32 offset, Int32 size)
   --- 내부 예외 스택 추적의 끝 ---
   위치: System.Net.Sockets.NetworkStream.Read(Byte[] buffer, Int32 offset, Int32 size)
   위치: WorkServer.String2.ReadStream(Stream stream, Encoding encode, String2 endFlag, Int32 buffersize) 파일 e:\Documents\nowonbunstore\source\C#\WorkServer\WorkServer\String2.cs:줄 482
   위치: WorkServer.String2.ReadStream(Stream stream, Encoding encode, String2 endFlag) 파일 e:\Documents\nowonbunstore\source\C#\WorkServer\WorkServer\String2.cs:줄 475
   위치: WorkServer.Client.Receive() 파일 e:\Documents\nowonbunstore\source\C#\WorkServer\WorkServer\Client.cs:줄 33
   위치: WorkServer.Program.<SocketServer>b__0(Client client) 파일 e:\Documents\nowonbunstore\source\C#\WorkServer\WorkServer\Program.cs:줄 45
2017-02-25 12:05:35,077 [10] ERROR WorkServer.Program - System.IO.IOException: 전송 연결 연결된 구성원으로부터 응답이 없어 연결하지 못했거나, 호스트로부터 응답이 없어 연결이 끊어졌습니다에서 데이터를 읽을 수 없습니다. ---> System.Net.Sockets.SocketException: 연결된 구성원으로부터 응답이 없어 연결하지 못했거나, 호스트로부터 응답이 없어 연결이 끊어졌습니다
   위치: System.Net.Sockets.Socket.Receive(Byte[] buffer, Int32 offset, Int32 size, SocketFlags socketFlags)
   위치: System.Net.Sockets.NetworkStream.Read(Byte[] buffer, Int32 offset, Int32 size)
   --- 내부 예외 스택 추적의 끝 ---
   위치: System.Net.Sockets.NetworkStream.Read(Byte[] buffer, Int32 offset, Int32 size)
   위치: WorkServer.String2.ReadStream(Stream stream, Encoding encode, String2 endFlag, Int32 buffersize) 파일 e:\Documents\nowonbunstore\source\C#\WorkServer\WorkServer\String2.cs:줄 482
   위치: WorkServer.String2.ReadStream(Stream stream, Encoding encode, String2 endFlag) 파일 e:\Documents\nowonbunstore\source\C#\WorkServer\WorkServer\String2.cs:줄 475
   위치: WorkServer.Client.Receive() 파일 e:\Documents\nowonbunstore\source\C#\WorkServer\WorkServer\Client.cs:줄 33
   위치: WorkServer.Program.<SocketServer>b__0(Client client) 파일 e:\Documents\nowonbunstore\source\C#\WorkServer\WorkServer\Program.cs:줄 45
2017-02-25 12:05:48,869 [10] DEBUG WorkServer.Program - GET / HTTP/1.1
Host: localhost
Connection: keep-alive
Cache-Control: max-age=0
Upgrade-Insecure-Requests: 1
User-Agent: Mozilla/5.0 (Windows NT 10.0; Win64; x64) AppleWebKit/537.36 (KHTML, like Gecko) Chrome/56.0.2924.87 Safari/537.36
Accept: text/html,application/xhtml+xml,application/xml;q=0.9,image/webp,*/*;q=0.8
Accept-Encoding: gzip, deflate, sdch, br
Accept-Language: ko-KR,ko;q=0.8,en-US;q=0.6,en;q=0.4


2017-02-25 12:05:48,875 [10] DEBUG WorkServer.WebServer - HTTP/1.1 200 OK
Content-Type: text/html
Keep-Alive: timeout=15, max=93
Connection: Keep-Alive


2017-02-25 12:05:48,875 [10] DEBUG WorkServer.WebServer - <!DOCTYPE>
<html>
	<head></head>
	<body>
		hello world
	</body>
</html>
2017-02-25 12:05:49,456 [10] ERROR WorkServer.Program - System.IO.IOException: 전송 연결 연결된 구성원으로부터 응답이 없어 연결하지 못했거나, 호스트로부터 응답이 없어 연결이 끊어졌습니다에서 데이터를 읽을 수 없습니다. ---> System.Net.Sockets.SocketException: 연결된 구성원으로부터 응답이 없어 연결하지 못했거나, 호스트로부터 응답이 없어 연결이 끊어졌습니다
   위치: System.Net.Sockets.Socket.Receive(Byte[] buffer, Int32 offset, Int32 size, SocketFlags socketFlags)
   위치: System.Net.Sockets.NetworkStream.Read(Byte[] buffer, Int32 offset, Int32 size)
   --- 내부 예외 스택 추적의 끝 ---
   위치: System.Net.Sockets.NetworkStream.Read(Byte[] buffer, Int32 offset, Int32 size)
   위치: WorkServer.String2.ReadStream(Stream stream, Encoding encode, String2 endFlag, Int32 buffersize) 파일 e:\Documents\nowonbunstore\source\C#\WorkServer\WorkServer\String2.cs:줄 482
   위치: WorkServer.String2.ReadStream(Stream stream, Encoding encode, String2 endFlag) 파일 e:\Documents\nowonbunstore\source\C#\WorkServer\WorkServer\String2.cs:줄 475
   위치: WorkServer.Client.Receive() 파일 e:\Documents\nowonbunstore\source\C#\WorkServer\WorkServer\Client.cs:줄 33
   위치: WorkServer.Program.<SocketServer>b__0(Client client) 파일 e:\Documents\nowonbunstore\source\C#\WorkServer\WorkServer\Program.cs:줄 45
2017-02-25 12:05:55,919 [10] DEBUG WorkServer.Program - GET / HTTP/1.1
Host: localhost
Connection: keep-alive
Cache-Control: max-age=0
Upgrade-Insecure-Requests: 1
User-Agent: Mozilla/5.0 (Windows NT 10.0; Win64; x64) AppleWebKit/537.36 (KHTML, like Gecko) Chrome/56.0.2924.87 Safari/537.36
Accept: text/html,application/xhtml+xml,application/xml;q=0.9,image/webp,*/*;q=0.8
Accept-Encoding: gzip, deflate, sdch, br
Accept-Language: ko-KR,ko;q=0.8,en-US;q=0.6,en;q=0.4


2017-02-25 12:05:55,926 [10] DEBUG WorkServer.WebServer - HTTP/1.1 200 OK
Content-Type: text/html
Keep-Alive: timeout=15, max=93
Connection: Keep-Alive


2017-02-25 12:05:55,927 [10] DEBUG WorkServer.WebServer - <!DOCTYPE>
<html>
	<head></head>
	<body>
		hello world
	</body>
</html>
2017-02-25 12:05:56,738 [10] ERROR WorkServer.Program - System.IO.IOException: 전송 연결 연결된 구성원으로부터 응답이 없어 연결하지 못했거나, 호스트로부터 응답이 없어 연결이 끊어졌습니다에서 데이터를 읽을 수 없습니다. ---> System.Net.Sockets.SocketException: 연결된 구성원으로부터 응답이 없어 연결하지 못했거나, 호스트로부터 응답이 없어 연결이 끊어졌습니다
   위치: System.Net.Sockets.Socket.Receive(Byte[] buffer, Int32 offset, Int32 size, SocketFlags socketFlags)
   위치: System.Net.Sockets.NetworkStream.Read(Byte[] buffer, Int32 offset, Int32 size)
   --- 내부 예외 스택 추적의 끝 ---
   위치: System.Net.Sockets.NetworkStream.Read(Byte[] buffer, Int32 offset, Int32 size)
   위치: WorkServer.String2.ReadStream(Stream stream, Encoding encode, String2 endFlag, Int32 buffersize) 파일 e:\Documents\nowonbunstore\source\C#\WorkServer\WorkServer\String2.cs:줄 482
   위치: WorkServer.String2.ReadStream(Stream stream, Encoding encode, String2 endFlag) 파일 e:\Documents\nowonbunstore\source\C#\WorkServer\WorkServer\String2.cs:줄 475
   위치: WorkServer.Client.Receive() 파일 e:\Documents\nowonbunstore\source\C#\WorkServer\WorkServer\Client.cs:줄 33
   위치: WorkServer.Program.<SocketServer>b__0(Client client) 파일 e:\Documents\nowonbunstore\source\C#\WorkServer\WorkServer\Program.cs:줄 45
2017-02-25 12:06:06,536 [10] DEBUG WorkServer.Program - GET / HTTP/1.1
Host: localhost
Connection: keep-alive
Cache-Control: max-age=0
Upgrade-Insecure-Requests: 1
User-Agent: Mozilla/5.0 (Windows NT 10.0; Win64; x64) AppleWebKit/537.36 (KHTML, like Gecko) Chrome/56.0.2924.87 Safari/537.36
Accept: text/html,application/xhtml+xml,application/xml;q=0.9,image/webp,*/*;q=0.8
Accept-Encoding: gzip, deflate, sdch, br
Accept-Language: ko-KR,ko;q=0.8,en-US;q=0.6,en;q=0.4


2017-02-25 12:06:06,543 [10] DEBUG WorkServer.WebServer - HTTP/1.1 200 OK
Content-Type: text/html
Keep-Alive: timeout=15, max=93
Connection: Keep-Alive


2017-02-25 12:06:06,544 [10] DEBUG WorkServer.WebServer - <!DOCTYPE>
<html>
	<head></head>
	<body>
		hello world
	</body>
</html>
2017-02-25 12:06:07,360 [10] ERROR WorkServer.Program - System.IO.IOException: 전송 연결 연결된 구성원으로부터 응답이 없어 연결하지 못했거나, 호스트로부터 응답이 없어 연결이 끊어졌습니다에서 데이터를 읽을 수 없습니다. ---> System.Net.Sockets.SocketException: 연결된 구성원으로부터 응답이 없어 연결하지 못했거나, 호스트로부터 응답이 없어 연결이 끊어졌습니다
   위치: System.Net.Sockets.Socket.Receive(Byte[] buffer, Int32 offset, Int32 size, SocketFlags socketFlags)
   위치: System.Net.Sockets.NetworkStream.Read(Byte[] buffer, Int32 offset, Int32 size)
   --- 내부 예외 스택 추적의 끝 ---
   위치: System.Net.Sockets.NetworkStream.Read(Byte[] buffer, Int32 offset, Int32 size)
   위치: WorkServer.String2.ReadStream(Stream stream, Encoding encode, String2 endFlag, Int32 buffersize) 파일 e:\Documents\nowonbunstore\source\C#\WorkServer\WorkServer\String2.cs:줄 482
   위치: WorkServer.String2.ReadStream(Stream stream, Encoding encode, String2 endFlag) 파일 e:\Documents\nowonbunstore\source\C#\WorkServer\WorkServer\String2.cs:줄 475
   위치: WorkServer.Client.Receive() 파일 e:\Documents\nowonbunstore\source\C#\WorkServer\WorkServer\Client.cs:줄 33
   위치: WorkServer.Program.<SocketServer>b__0(Client client) 파일 e:\Documents\nowonbunstore\source\C#\WorkServer\WorkServer\Program.cs:줄 45
2017-02-25 12:06:18,096 [10] DEBUG WorkServer.Program - GET / HTTP/1.1
Host: localhost
Connection: keep-alive
Cache-Control: max-age=0
Upgrade-Insecure-Requests: 1
User-Agent: Mozilla/5.0 (Windows NT 10.0; Win64; x64) AppleWebKit/537.36 (KHTML, like Gecko) Chrome/56.0.2924.87 Safari/537.36
Accept: text/html,application/xhtml+xml,application/xml;q=0.9,image/webp,*/*;q=0.8
Accept-Encoding: gzip, deflate, sdch, br
Accept-Language: ko-KR,ko;q=0.8,en-US;q=0.6,en;q=0.4


2017-02-25 12:06:18,103 [10] DEBUG WorkServer.WebServer - HTTP/1.1 200 OK
Content-Type: text/html
Keep-Alive: timeout=15, max=93
Connection: Keep-Alive


2017-02-25 12:06:18,103 [10] DEBUG WorkServer.WebServer - <!DOCTYPE>
<html>
	<head></head>
	<body>
		hello world
	</body>
</html>
2017-02-25 12:06:18,937 [10] ERROR WorkServer.Program - System.IO.IOException: 전송 연결 연결된 구성원으로부터 응답이 없어 연결하지 못했거나, 호스트로부터 응답이 없어 연결이 끊어졌습니다에서 데이터를 읽을 수 없습니다. ---> System.Net.Sockets.SocketException: 연결된 구성원으로부터 응답이 없어 연결하지 못했거나, 호스트로부터 응답이 없어 연결이 끊어졌습니다
   위치: System.Net.Sockets.Socket.Receive(Byte[] buffer, Int32 offset, Int32 size, SocketFlags socketFlags)
   위치: System.Net.Sockets.NetworkStream.Read(Byte[] buffer, Int32 offset, Int32 size)
   --- 내부 예외 스택 추적의 끝 ---
   위치: System.Net.Sockets.NetworkStream.Read(Byte[] buffer, Int32 offset, Int32 size)
   위치: WorkServer.String2.ReadStream(Stream stream, Encoding encode, String2 endFlag, Int32 buffersize) 파일 e:\Documents\nowonbunstore\source\C#\WorkServer\WorkServer\String2.cs:줄 482
   위치: WorkServer.String2.ReadStream(Stream stream, Encoding encode, String2 endFlag) 파일 e:\Documents\nowonbunstore\source\C#\WorkServer\WorkServer\String2.cs:줄 475
   위치: WorkServer.Client.Receive() 파일 e:\Documents\nowonbunstore\source\C#\WorkServer\WorkServer\Client.cs:줄 33
   위치: WorkServer.Program.<SocketServer>b__0(Client client) 파일 e:\Documents\nowonbunstore\source\C#\WorkServer\WorkServer\Program.cs:줄 45
2017-02-25 12:06:25,035 [10] DEBUG WorkServer.Program - GET / HTTP/1.1
Host: localhost
Connection: keep-alive
Cache-Control: max-age=0
Upgrade-Insecure-Requests: 1
User-Agent: Mozilla/5.0 (Windows NT 10.0; Win64; x64) AppleWebKit/537.36 (KHTML, like Gecko) Chrome/56.0.2924.87 Safari/537.36
Accept: text/html,application/xhtml+xml,application/xml;q=0.9,image/webp,*/*;q=0.8
Accept-Encoding: gzip, deflate, sdch, br
Accept-Language: ko-KR,ko;q=0.8,en-US;q=0.6,en;q=0.4


2017-02-25 12:06:25,041 [10] DEBUG WorkServer.WebServer - HTTP/1.1 200 OK
Content-Type: text/html
Keep-Alive: timeout=15, max=93
Connection: Keep-Alive


2017-02-25 12:06:25,042 [10] DEBUG WorkServer.WebServer - <!DOCTYPE>
<html>
	<head></head>
	<body>
		hello world
	</body>
</html>
2017-02-25 12:06:25,844 [10] ERROR WorkServer.Program - System.IO.IOException: 전송 연결 연결된 구성원으로부터 응답이 없어 연결하지 못했거나, 호스트로부터 응답이 없어 연결이 끊어졌습니다에서 데이터를 읽을 수 없습니다. ---> System.Net.Sockets.SocketException: 연결된 구성원으로부터 응답이 없어 연결하지 못했거나, 호스트로부터 응답이 없어 연결이 끊어졌습니다
   위치: System.Net.Sockets.Socket.Receive(Byte[] buffer, Int32 offset, Int32 size, SocketFlags socketFlags)
   위치: System.Net.Sockets.NetworkStream.Read(Byte[] buffer, Int32 offset, Int32 size)
   --- 내부 예외 스택 추적의 끝 ---
   위치: System.Net.Sockets.NetworkStream.Read(Byte[] buffer, Int32 offset, Int32 size)
   위치: WorkServer.String2.ReadStream(Stream stream, Encoding encode, String2 endFlag, Int32 buffersize) 파일 e:\Documents\nowonbunstore\source\C#\WorkServer\WorkServer\String2.cs:줄 482
   위치: WorkServer.String2.ReadStream(Stream stream, Encoding encode, String2 endFlag) 파일 e:\Documents\nowonbunstore\source\C#\WorkServer\WorkServer\String2.cs:줄 475
   위치: WorkServer.Client.Receive() 파일 e:\Documents\nowonbunstore\source\C#\WorkServer\WorkServer\Client.cs:줄 33
   위치: WorkServer.Program.<SocketServer>b__0(Client client) 파일 e:\Documents\nowonbunstore\source\C#\WorkServer\WorkServer\Program.cs:줄 45
2017-02-25 12:06:28,412 [10] DEBUG WorkServer.Program - GET / HTTP/1.1
Host: localhost
Connection: keep-alive
Cache-Control: max-age=0
Upgrade-Insecure-Requests: 1
User-Agent: Mozilla/5.0 (Windows NT 10.0; Win64; x64) AppleWebKit/537.36 (KHTML, like Gecko) Chrome/56.0.2924.87 Safari/537.36
Accept: text/html,application/xhtml+xml,application/xml;q=0.9,image/webp,*/*;q=0.8
Accept-Encoding: gzip, deflate, sdch, br
Accept-Language: ko-KR,ko;q=0.8,en-US;q=0.6,en;q=0.4


2017-02-25 12:06:28,418 [10] DEBUG WorkServer.WebServer - HTTP/1.1 200 OK
Content-Type: text/html
Keep-Alive: timeout=15, max=93
Connection: Keep-Alive


2017-02-25 12:06:28,419 [10] DEBUG WorkServer.WebServer - <!DOCTYPE>
<html>
	<head></head>
	<body>
		hello world
	</body>
</html>
2017-02-25 12:06:32,080 [10] DEBUG WorkServer.Program - GET / HTTP/1.1
Host: localhost
Connection: keep-alive
Cache-Control: max-age=0
Upgrade-Insecure-Requests: 1
User-Agent: Mozilla/5.0 (Windows NT 10.0; Win64; x64) AppleWebKit/537.36 (KHTML, like Gecko) Chrome/56.0.2924.87 Safari/537.36
Accept: text/html,application/xhtml+xml,application/xml;q=0.9,image/webp,*/*;q=0.8
Accept-Encoding: gzip, deflate, sdch, br
Accept-Language: ko-KR,ko;q=0.8,en-US;q=0.6,en;q=0.4


2017-02-25 12:06:32,086 [10] DEBUG WorkServer.WebServer - HTTP/1.1 200 OK
Content-Type: text/html
Keep-Alive: timeout=15, max=93
Connection: Keep-Alive


2017-02-25 12:06:32,087 [10] DEBUG WorkServer.WebServer - <!DOCTYPE>
<html>
	<head></head>
	<body>
		hello world
	</body>
</html>
2017-02-25 12:06:32,647 [10] ERROR WorkServer.Program - System.IO.IOException: 전송 연결 연결된 구성원으로부터 응답이 없어 연결하지 못했거나, 호스트로부터 응답이 없어 연결이 끊어졌습니다에서 데이터를 읽을 수 없습니다. ---> System.Net.Sockets.SocketException: 연결된 구성원으로부터 응답이 없어 연결하지 못했거나, 호스트로부터 응답이 없어 연결이 끊어졌습니다
   위치: System.Net.Sockets.Socket.Receive(Byte[] buffer, Int32 offset, Int32 size, SocketFlags socketFlags)
   위치: System.Net.Sockets.NetworkStream.Read(Byte[] buffer, Int32 offset, Int32 size)
   --- 내부 예외 스택 추적의 끝 ---
   위치: System.Net.Sockets.NetworkStream.Read(Byte[] buffer, Int32 offset, Int32 size)
   위치: WorkServer.String2.ReadStream(Stream stream, Encoding encode, String2 endFlag, Int32 buffersize) 파일 e:\Documents\nowonbunstore\source\C#\WorkServer\WorkServer\String2.cs:줄 482
   위치: WorkServer.String2.ReadStream(Stream stream, Encoding encode, String2 endFlag) 파일 e:\Documents\nowonbunstore\source\C#\WorkServer\WorkServer\String2.cs:줄 475
   위치: WorkServer.Client.Receive() 파일 e:\Documents\nowonbunstore\source\C#\WorkServer\WorkServer\Client.cs:줄 33
   위치: WorkServer.Program.<SocketServer>b__0(Client client) 파일 e:\Documents\nowonbunstore\source\C#\WorkServer\WorkServer\Program.cs:줄 45
2017-02-25 12:06:33,558 [10] ERROR WorkServer.Program - System.IO.IOException: 전송 연결 연결된 구성원으로부터 응답이 없어 연결하지 못했거나, 호스트로부터 응답이 없어 연결이 끊어졌습니다에서 데이터를 읽을 수 없습니다. ---> System.Net.Sockets.SocketException: 연결된 구성원으로부터 응답이 없어 연결하지 못했거나, 호스트로부터 응답이 없어 연결이 끊어졌습니다
   위치: System.Net.Sockets.Socket.Receive(Byte[] buffer, Int32 offset, Int32 size, SocketFlags socketFlags)
   위치: System.Net.Sockets.NetworkStream.Read(Byte[] buffer, Int32 offset, Int32 size)
   --- 내부 예외 스택 추적의 끝 ---
   위치: System.Net.Sockets.NetworkStream.Read(Byte[] buffer, Int32 offset, Int32 size)
   위치: WorkServer.String2.ReadStream(Stream stream, Encoding encode, String2 endFlag, Int32 buffersize) 파일 e:\Documents\nowonbunstore\source\C#\WorkServer\WorkServer\String2.cs:줄 482
   위치: WorkServer.String2.ReadStream(Stream stream, Encoding encode, String2 endFlag) 파일 e:\Documents\nowonbunstore\source\C#\WorkServer\WorkServer\String2.cs:줄 475
   위치: WorkServer.Client.Receive() 파일 e:\Documents\nowonbunstore\source\C#\WorkServer\WorkServer\Client.cs:줄 33
   위치: WorkServer.Program.<SocketServer>b__0(Client client) 파일 e:\Documents\nowonbunstore\source\C#\WorkServer\WorkServer\Program.cs:줄 45
2017-02-25 12:06:41,621 [10] DEBUG WorkServer.Program - GET / HTTP/1.1
Host: localhost
Connection: keep-alive
Cache-Control: max-age=0
Upgrade-Insecure-Requests: 1
User-Agent: Mozilla/5.0 (Windows NT 10.0; Win64; x64) AppleWebKit/537.36 (KHTML, like Gecko) Chrome/56.0.2924.87 Safari/537.36
Accept: text/html,application/xhtml+xml,application/xml;q=0.9,image/webp,*/*;q=0.8
Accept-Encoding: gzip, deflate, sdch, br
Accept-Language: ko-KR,ko;q=0.8,en-US;q=0.6,en;q=0.4


2017-02-25 12:06:41,627 [10] DEBUG WorkServer.WebServer - HTTP/1.1 200 OK
Content-Type: text/html
Keep-Alive: timeout=15, max=93
Connection: Keep-Alive


2017-02-25 12:06:41,628 [10] DEBUG WorkServer.WebServer - <!DOCTYPE>
<html>
	<head></head>
	<body>
		hello world
	</body>
</html>
2017-02-25 12:06:48,878 [10] DEBUG WorkServer.Program - GET / HTTP/1.1
Host: localhost
Connection: keep-alive
Cache-Control: max-age=0
Upgrade-Insecure-Requests: 1
User-Agent: Mozilla/5.0 (Windows NT 10.0; Win64; x64) AppleWebKit/537.36 (KHTML, like Gecko) Chrome/56.0.2924.87 Safari/537.36
Accept: text/html,application/xhtml+xml,application/xml;q=0.9,image/webp,*/*;q=0.8
Accept-Encoding: gzip, deflate, sdch, br
Accept-Language: ko-KR,ko;q=0.8,en-US;q=0.6,en;q=0.4


2017-02-25 12:06:48,884 [10] DEBUG WorkServer.WebServer - HTTP/1.1 200 OK
Content-Type: text/html
Keep-Alive: timeout=15, max=93
Connection: Keep-Alive


2017-02-25 12:06:48,885 [10] DEBUG WorkServer.WebServer - <!DOCTYPE>
<html>
	<head></head>
	<body>
		hello world
	</body>
</html>
2017-02-25 12:06:49,449 [10] ERROR WorkServer.Program - System.IO.IOException: 전송 연결 연결된 구성원으로부터 응답이 없어 연결하지 못했거나, 호스트로부터 응답이 없어 연결이 끊어졌습니다에서 데이터를 읽을 수 없습니다. ---> System.Net.Sockets.SocketException: 연결된 구성원으로부터 응답이 없어 연결하지 못했거나, 호스트로부터 응답이 없어 연결이 끊어졌습니다
   위치: System.Net.Sockets.Socket.Receive(Byte[] buffer, Int32 offset, Int32 size, SocketFlags socketFlags)
   위치: System.Net.Sockets.NetworkStream.Read(Byte[] buffer, Int32 offset, Int32 size)
   --- 내부 예외 스택 추적의 끝 ---
   위치: System.Net.Sockets.NetworkStream.Read(Byte[] buffer, Int32 offset, Int32 size)
   위치: WorkServer.String2.ReadStream(Stream stream, Encoding encode, String2 endFlag, Int32 buffersize) 파일 e:\Documents\nowonbunstore\source\C#\WorkServer\WorkServer\String2.cs:줄 482
   위치: WorkServer.String2.ReadStream(Stream stream, Encoding encode, String2 endFlag) 파일 e:\Documents\nowonbunstore\source\C#\WorkServer\WorkServer\String2.cs:줄 475
   위치: WorkServer.Client.Receive() 파일 e:\Documents\nowonbunstore\source\C#\WorkServer\WorkServer\Client.cs:줄 33
   위치: WorkServer.Program.<SocketServer>b__0(Client client) 파일 e:\Documents\nowonbunstore\source\C#\WorkServer\WorkServer\Program.cs:줄 45
2017-02-25 12:06:50,020 [10] ERROR WorkServer.Program - System.IO.IOException: 전송 연결 연결된 구성원으로부터 응답이 없어 연결하지 못했거나, 호스트로부터 응답이 없어 연결이 끊어졌습니다에서 데이터를 읽을 수 없습니다. ---> System.Net.Sockets.SocketException: 연결된 구성원으로부터 응답이 없어 연결하지 못했거나, 호스트로부터 응답이 없어 연결이 끊어졌습니다
   위치: System.Net.Sockets.Socket.Receive(Byte[] buffer, Int32 offset, Int32 size, SocketFlags socketFlags)
   위치: System.Net.Sockets.NetworkStream.Read(Byte[] buffer, Int32 offset, Int32 size)
   --- 내부 예외 스택 추적의 끝 ---
   위치: System.Net.Sockets.NetworkStream.Read(Byte[] buffer, Int32 offset, Int32 size)
   위치: WorkServer.String2.ReadStream(Stream stream, Encoding encode, String2 endFlag, Int32 buffersize) 파일 e:\Documents\nowonbunstore\source\C#\WorkServer\WorkServer\String2.cs:줄 482
   위치: WorkServer.String2.ReadStream(Stream stream, Encoding encode, String2 endFlag) 파일 e:\Documents\nowonbunstore\source\C#\WorkServer\WorkServer\String2.cs:줄 475
   위치: WorkServer.Client.Receive() 파일 e:\Documents\nowonbunstore\source\C#\WorkServer\WorkServer\Client.cs:줄 33
   위치: WorkServer.Program.<SocketServer>b__0(Client client) 파일 e:\Documents\nowonbunstore\source\C#\WorkServer\WorkServer\Program.cs:줄 45
2017-02-25 12:07:05,111 [10] DEBUG WorkServer.Program - GET / HTTP/1.1
Accept: text/html, application/xhtml+xml, image/jxr, */*
Accept-Language: ja,ko;q=0.5
User-Agent: Mozilla/5.0 (Windows NT 10.0; Win64; x64) AppleWebKit/537.36 (KHTML, like Gecko) Chrome/51.0.2704.79 Safari/537.36 Edge/14.14393
Accept-Encoding: gzip, deflate
Host: localhost
Connection: Keep-Alive


2017-02-25 12:07:05,117 [10] DEBUG WorkServer.WebServer - HTTP/1.1 200 OK
Content-Type: text/html
Keep-Alive: timeout=15, max=93
Connection: Keep-Alive


2017-02-25 12:07:05,175 [10] DEBUG WorkServer.WebServer - <!DOCTYPE>
<html>
	<head></head>
	<body>
		hello world
	</body>
</html>
2017-02-25 12:07:08,046 [10] DEBUG WorkServer.Program - GET / HTTP/1.1
Accept: text/html, application/xhtml+xml, image/jxr, */*
Accept-Language: ja,ko;q=0.5
User-Agent: Mozilla/5.0 (Windows NT 10.0; Win64; x64) AppleWebKit/537.36 (KHTML, like Gecko) Chrome/51.0.2704.79 Safari/537.36 Edge/14.14393
Accept-Encoding: gzip, deflate
Host: localhost
Connection: Keep-Alive


2017-02-25 12:07:08,053 [10] DEBUG WorkServer.WebServer - HTTP/1.1 200 OK
Content-Type: text/html
Keep-Alive: timeout=15, max=93
Connection: Keep-Alive


2017-02-25 12:07:08,053 [10] DEBUG WorkServer.WebServer - <!DOCTYPE>
<html>
	<head></head>
	<body>
		hello world
	</body>
</html>
2017-02-25 12:07:09,819 [10] DEBUG WorkServer.Program - GET / HTTP/1.1
Accept: text/html, application/xhtml+xml, image/jxr, */*
Accept-Language: ja,ko;q=0.5
User-Agent: Mozilla/5.0 (Windows NT 10.0; Win64; x64) AppleWebKit/537.36 (KHTML, like Gecko) Chrome/51.0.2704.79 Safari/537.36 Edge/14.14393
Accept-Encoding: gzip, deflate
Host: localhost
Connection: Keep-Alive


2017-02-25 12:07:09,826 [10] DEBUG WorkServer.WebServer - HTTP/1.1 200 OK
Content-Type: text/html
Keep-Alive: timeout=15, max=93
Connection: Keep-Alive


2017-02-25 12:07:09,828 [10] DEBUG WorkServer.WebServer - <!DOCTYPE>
<html>
	<head></head>
	<body>
		hello world
	</body>
</html>
2017-02-25 12:07:10,214 [10] DEBUG WorkServer.Program - GET / HTTP/1.1
Accept: text/html, application/xhtml+xml, image/jxr, */*
Accept-Language: ja,ko;q=0.5
User-Agent: Mozilla/5.0 (Windows NT 10.0; Win64; x64) AppleWebKit/537.36 (KHTML, like Gecko) Chrome/51.0.2704.79 Safari/537.36 Edge/14.14393
Accept-Encoding: gzip, deflate
Host: localhost
Connection: Keep-Alive


2017-02-25 12:07:10,221 [10] DEBUG WorkServer.WebServer - HTTP/1.1 200 OK
Content-Type: text/html
Keep-Alive: timeout=15, max=93
Connection: Keep-Alive


2017-02-25 12:07:10,222 [10] DEBUG WorkServer.WebServer - <!DOCTYPE>
<html>
	<head></head>
	<body>
		hello world
	</body>
</html>
2017-02-25 12:07:10,567 [10] DEBUG WorkServer.Program - GET / HTTP/1.1
Accept: text/html, application/xhtml+xml, image/jxr, */*
Accept-Language: ja,ko;q=0.5
User-Agent: Mozilla/5.0 (Windows NT 10.0; Win64; x64) AppleWebKit/537.36 (KHTML, like Gecko) Chrome/51.0.2704.79 Safari/537.36 Edge/14.14393
Accept-Encoding: gzip, deflate
Host: localhost
Connection: Keep-Alive


2017-02-25 12:07:10,574 [10] DEBUG WorkServer.WebServer - HTTP/1.1 200 OK
Content-Type: text/html
Keep-Alive: timeout=15, max=93
Connection: Keep-Alive


2017-02-25 12:07:10,575 [10] DEBUG WorkServer.WebServer - <!DOCTYPE>
<html>
	<head></head>
	<body>
		hello world
	</body>
</html>
2017-02-25 12:07:10,910 [10] DEBUG WorkServer.Program - GET / HTTP/1.1
Accept: text/html, application/xhtml+xml, image/jxr, */*
Accept-Language: ja,ko;q=0.5
User-Agent: Mozilla/5.0 (Windows NT 10.0; Win64; x64) AppleWebKit/537.36 (KHTML, like Gecko) Chrome/51.0.2704.79 Safari/537.36 Edge/14.14393
Accept-Encoding: gzip, deflate
Host: localhost
Connection: Keep-Alive


2017-02-25 12:07:10,953 [10] DEBUG WorkServer.WebServer - HTTP/1.1 200 OK
Content-Type: text/html
Keep-Alive: timeout=15, max=93
Connection: Keep-Alive


2017-02-25 12:07:10,953 [10] DEBUG WorkServer.WebServer - <!DOCTYPE>
<html>
	<head></head>
	<body>
		hello world
	</body>
</html>
